2021-09-20 11:51:46,962 [Worker-4: Loading available Gradle versions] INFO  o.e.b.c.i.u.g.PublishedGradleVersions - Gradle version information cache is up-to-date. Trying to read.
2021-09-20 11:57:42,940 [Worker-9: Updating Maven Dependencies] INFO  o.e.m.c.i.l.LifecycleMappingFactory - Using org.eclipse.m2e.jdt.JarLifecycleMapping lifecycle mapping for MavenProject: com.indus.pkg:Indus:0.0.1-SNAPSHOT @ C:\Users\IRANSING\Documents\workspace-spring-tool-suite-4-4.12.0.RELEASE\Branching\branching2\Branching\DEMO2\Indus\pom.xml.
2021-09-20 11:57:42,940 [Worker-14: Building] INFO  o.e.m.c.i.l.LifecycleMappingFactory - Using org.eclipse.m2e.jdt.JarLifecycleMapping lifecycle mapping for MavenProject: com.indus.pkg:Indus:0.0.1-SNAPSHOT @ C:\Users\IRANSING\Documents\workspace-spring-tool-suite-4-4.12.0.RELEASE\Branching\branching2\Branching\DEMO2\Indus\pom.xml.
2021-09-20 11:57:44,852 [Worker-14: Building] WARN  o.e.m.c.i.embedder.EclipseLogger - Using platform encoding (Cp1252 actually) to copy filtered resources, i.e. build is platform dependent!
2021-09-20 11:57:44,857 [Worker-14: Building] INFO  o.e.m.c.i.embedder.EclipseLogger - skip non existing resourceDirectory C:\Users\IRANSING\Documents\workspace-spring-tool-suite-4-4.12.0.RELEASE\Branching\branching2\Branching\DEMO2\Indus\src\main\resources
2021-09-20 11:57:44,863 [Worker-14: Building] WARN  o.e.m.c.i.embedder.EclipseLogger - Using platform encoding (Cp1252 actually) to copy filtered resources, i.e. build is platform dependent!
2021-09-20 11:57:44,868 [Worker-14: Building] INFO  o.e.m.c.i.embedder.EclipseLogger - skip non existing resourceDirectory C:\Users\IRANSING\Documents\workspace-spring-tool-suite-4-4.12.0.RELEASE\Branching\branching2\Branching\DEMO2\Indus\src\test\resources
2021-09-20 11:57:46,072 [Worker-14: Building] INFO  o.e.m.c.i.l.LifecycleMappingFactory - Using org.eclipse.m2e.jdt.JarLifecycleMapping lifecycle mapping for MavenProject: com.branching.sample:branching:0.0.1-SNAPSHOT @ C:\Users\IRANSING\Documents\workspace-spring-tool-suite-4-4.12.0.RELEASE\Branching\branching2\Branching\Branching\branching\pom.xml.
2021-09-20 11:57:46,072 [Worker-11: Updating Maven Dependencies] INFO  o.e.m.c.i.l.LifecycleMappingFactory - Using org.eclipse.m2e.jdt.JarLifecycleMapping lifecycle mapping for MavenProject: com.indus.pkg:Indus:0.0.1-SNAPSHOT @ C:\Users\IRANSING\Documents\workspace-spring-tool-suite-4-4.12.0.RELEASE\Branching\branching2\Branching\DEMO2\Indus\pom.xml.
2021-09-20 11:57:46,980 [Worker-14: Building] WARN  o.e.m.c.i.embedder.EclipseLogger - Using platform encoding (Cp1252 actually) to copy filtered resources, i.e. build is platform dependent!
2021-09-20 11:57:46,982 [Worker-14: Building] INFO  o.e.m.c.i.embedder.EclipseLogger - skip non existing resourceDirectory C:\Users\IRANSING\Documents\workspace-spring-tool-suite-4-4.12.0.RELEASE\Branching\branching2\Branching\Branching\branching\src\main\resources
2021-09-20 11:57:46,986 [Worker-14: Building] WARN  o.e.m.c.i.embedder.EclipseLogger - Using platform encoding (Cp1252 actually) to copy filtered resources, i.e. build is platform dependent!
2021-09-20 11:57:46,989 [Worker-14: Building] INFO  o.e.m.c.i.embedder.EclipseLogger - skip non existing resourceDirectory C:\Users\IRANSING\Documents\workspace-spring-tool-suite-4-4.12.0.RELEASE\Branching\branching2\Branching\Branching\branching\src\test\resources
2021-09-20 11:57:47,697 [Worker-14: Building] INFO  o.e.m.c.i.l.LifecycleMappingFactory - Using org.eclipse.m2e.jdt.JarLifecycleMapping lifecycle mapping for MavenProject: com.sts.demo:stsdemo:0.0.1-SNAPSHOT @ C:\Users\IRANSING\Documents\workspace-spring-tool-suite-4-4.12.0.RELEASE\Branching\branching2\Branching\DEMO\stsdemo\pom.xml.
2021-09-20 11:57:48,682 [Worker-14: Building] WARN  o.e.m.c.i.embedder.EclipseLogger - Using platform encoding (Cp1252 actually) to copy filtered resources, i.e. build is platform dependent!
2021-09-20 11:57:48,686 [Worker-14: Building] INFO  o.e.m.c.i.embedder.EclipseLogger - skip non existing resourceDirectory C:\Users\IRANSING\Documents\workspace-spring-tool-suite-4-4.12.0.RELEASE\Branching\branching2\Branching\DEMO\stsdemo\src\main\resources
2021-09-20 11:57:48,690 [Worker-14: Building] WARN  o.e.m.c.i.embedder.EclipseLogger - Using platform encoding (Cp1252 actually) to copy filtered resources, i.e. build is platform dependent!
2021-09-20 11:57:48,694 [Worker-14: Building] INFO  o.e.m.c.i.embedder.EclipseLogger - skip non existing resourceDirectory C:\Users\IRANSING\Documents\workspace-spring-tool-suite-4-4.12.0.RELEASE\Branching\branching2\Branching\DEMO\stsdemo\src\test\resources
2021-09-20 11:57:50,171 [Worker-15: Updating Maven Dependencies] INFO  o.e.m.c.i.l.LifecycleMappingFactory - Using org.eclipse.m2e.jdt.JarLifecycleMapping lifecycle mapping for MavenProject: com.indus.pkg:Indus:0.0.1-SNAPSHOT @ C:\Users\IRANSING\Documents\workspace-spring-tool-suite-4-4.12.0.RELEASE\Branching\branching2\Branching\DEMO2\Indus\pom.xml.
2021-09-20 11:57:50,251 [Worker-15: Updating Maven Dependencies] INFO  o.e.m.c.i.l.LifecycleMappingFactory - Using org.eclipse.m2e.jdt.JarLifecycleMapping lifecycle mapping for MavenProject: com.branching.sample:branching:0.0.1-SNAPSHOT @ C:\Users\IRANSING\Documents\workspace-spring-tool-suite-4-4.12.0.RELEASE\Branching\branching2\Branching\Branching\branching\pom.xml.
2021-09-20 11:57:50,369 [Worker-15: Updating Maven Dependencies] INFO  o.e.m.c.i.l.LifecycleMappingFactory - Using org.eclipse.m2e.jdt.JarLifecycleMapping lifecycle mapping for MavenProject: com.sts.demo:stsdemo:0.0.1-SNAPSHOT @ C:\Users\IRANSING\Documents\workspace-spring-tool-suite-4-4.12.0.RELEASE\Branching\branching2\Branching\DEMO\stsdemo\pom.xml.
2021-09-20 11:57:51,299 [Worker-9: Building] WARN  o.e.m.c.i.embedder.EclipseLogger - Using platform encoding (Cp1252 actually) to copy filtered resources, i.e. build is platform dependent!
2021-09-20 11:57:51,302 [Worker-9: Building] INFO  o.e.m.c.i.embedder.EclipseLogger - skip non existing resourceDirectory C:\Users\IRANSING\Documents\workspace-spring-tool-suite-4-4.12.0.RELEASE\Branching\branching2\Branching\DEMO2\Indus\src\main\resources
2021-09-20 11:57:51,305 [Worker-9: Building] WARN  o.e.m.c.i.embedder.EclipseLogger - Using platform encoding (Cp1252 actually) to copy filtered resources, i.e. build is platform dependent!
2021-09-20 11:57:51,308 [Worker-9: Building] INFO  o.e.m.c.i.embedder.EclipseLogger - skip non existing resourceDirectory C:\Users\IRANSING\Documents\workspace-spring-tool-suite-4-4.12.0.RELEASE\Branching\branching2\Branching\DEMO2\Indus\src\test\resources
2021-09-20 11:57:51,330 [Worker-9: Building] WARN  o.e.m.c.i.embedder.EclipseLogger - Using platform encoding (Cp1252 actually) to copy filtered resources, i.e. build is platform dependent!
2021-09-20 11:57:51,333 [Worker-9: Building] INFO  o.e.m.c.i.embedder.EclipseLogger - skip non existing resourceDirectory C:\Users\IRANSING\Documents\workspace-spring-tool-suite-4-4.12.0.RELEASE\Branching\branching2\Branching\Branching\branching\src\main\resources
2021-09-20 11:57:51,335 [Worker-9: Building] WARN  o.e.m.c.i.embedder.EclipseLogger - Using platform encoding (Cp1252 actually) to copy filtered resources, i.e. build is platform dependent!
2021-09-20 11:57:51,340 [Worker-9: Building] INFO  o.e.m.c.i.embedder.EclipseLogger - skip non existing resourceDirectory C:\Users\IRANSING\Documents\workspace-spring-tool-suite-4-4.12.0.RELEASE\Branching\branching2\Branching\Branching\branching\src\test\resources
2021-09-20 11:57:51,359 [Worker-9: Building] WARN  o.e.m.c.i.embedder.EclipseLogger - Using platform encoding (Cp1252 actually) to copy filtered resources, i.e. build is platform dependent!
2021-09-20 11:57:51,362 [Worker-9: Building] INFO  o.e.m.c.i.embedder.EclipseLogger - skip non existing resourceDirectory C:\Users\IRANSING\Documents\workspace-spring-tool-suite-4-4.12.0.RELEASE\Branching\branching2\Branching\DEMO\stsdemo\src\main\resources
2021-09-20 11:57:51,364 [Worker-9: Building] WARN  o.e.m.c.i.embedder.EclipseLogger - Using platform encoding (Cp1252 actually) to copy filtered resources, i.e. build is platform dependent!
2021-09-20 11:57:51,367 [Worker-9: Building] INFO  o.e.m.c.i.embedder.EclipseLogger - skip non existing resourceDirectory C:\Users\IRANSING\Documents\workspace-spring-tool-suite-4-4.12.0.RELEASE\Branching\branching2\Branching\DEMO\stsdemo\src\test\resources
2021-09-20 12:01:26,447 [Worker-14: Building] WARN  o.e.m.c.i.embedder.EclipseLogger - Using platform encoding (Cp1252 actually) to copy filtered resources, i.e. build is platform dependent!
2021-09-20 12:01:26,451 [Worker-14: Building] INFO  o.e.m.c.i.embedder.EclipseLogger - skip non existing resourceDirectory C:\Users\IRANSING\Documents\workspace-spring-tool-suite-4-4.12.0.RELEASE\Branching\branching2\Branching\Branching\branching\src\main\resources
2021-09-20 12:01:26,453 [Worker-14: Building] WARN  o.e.m.c.i.embedder.EclipseLogger - Using platform encoding (Cp1252 actually) to copy filtered resources, i.e. build is platform dependent!
2021-09-20 12:01:26,459 [Worker-14: Building] INFO  o.e.m.c.i.embedder.EclipseLogger - skip non existing resourceDirectory C:\Users\IRANSING\Documents\workspace-spring-tool-suite-4-4.12.0.RELEASE\Branching\branching2\Branching\Branching\branching\src\test\resources
2021-09-20 12:09:44,531 [Worker-14: Building] WARN  o.e.m.c.i.embedder.EclipseLogger - Using platform encoding (Cp1252 actually) to copy filtered resources, i.e. build is platform dependent!
2021-09-20 12:09:44,549 [Worker-14: Building] INFO  o.e.m.c.i.embedder.EclipseLogger - skip non existing resourceDirectory C:\Users\IRANSING\Documents\workspace-spring-tool-suite-4-4.12.0.RELEASE\Branching\branching2\Branching\Branching\branching\src\main\resources
2021-09-20 12:09:44,555 [Worker-14: Building] WARN  o.e.m.c.i.embedder.EclipseLogger - Using platform encoding (Cp1252 actually) to copy filtered resources, i.e. build is platform dependent!
2021-09-20 12:09:44,559 [Worker-14: Building] INFO  o.e.m.c.i.embedder.EclipseLogger - skip non existing resourceDirectory C:\Users\IRANSING\Documents\workspace-spring-tool-suite-4-4.12.0.RELEASE\Branching\branching2\Branching\Branching\branching\src\test\resources
2021-09-20 12:18:29,359 [Worker-26: Building] WARN  o.e.m.c.i.embedder.EclipseLogger - Using platform encoding (Cp1252 actually) to copy filtered resources, i.e. build is platform dependent!
2021-09-20 12:18:29,364 [Worker-26: Building] INFO  o.e.m.c.i.embedder.EclipseLogger - skip non existing resourceDirectory C:\Users\IRANSING\Documents\workspace-spring-tool-suite-4-4.12.0.RELEASE\Branching\branching2\Branching\Branching\branching\src\main\resources
2021-09-20 12:18:29,367 [Worker-26: Building] WARN  o.e.m.c.i.embedder.EclipseLogger - Using platform encoding (Cp1252 actually) to copy filtered resources, i.e. build is platform dependent!
2021-09-20 12:18:29,370 [Worker-26: Building] INFO  o.e.m.c.i.embedder.EclipseLogger - skip non existing resourceDirectory C:\Users\IRANSING\Documents\workspace-spring-tool-suite-4-4.12.0.RELEASE\Branching\branching2\Branching\Branching\branching\src\test\resources
2021-09-20 12:18:59,295 [Worker-26: Building] WARN  o.e.m.c.i.embedder.EclipseLogger - Using platform encoding (Cp1252 actually) to copy filtered resources, i.e. build is platform dependent!
2021-09-20 12:18:59,298 [Worker-26: Building] INFO  o.e.m.c.i.embedder.EclipseLogger - skip non existing resourceDirectory C:\Users\IRANSING\Documents\workspace-spring-tool-suite-4-4.12.0.RELEASE\Branching\branching2\Branching\Branching\branching\src\main\resources
2021-09-20 12:18:59,302 [Worker-26: Building] WARN  o.e.m.c.i.embedder.EclipseLogger - Using platform encoding (Cp1252 actually) to copy filtered resources, i.e. build is platform dependent!
2021-09-20 12:18:59,307 [Worker-26: Building] INFO  o.e.m.c.i.embedder.EclipseLogger - skip non existing resourceDirectory C:\Users\IRANSING\Documents\workspace-spring-tool-suite-4-4.12.0.RELEASE\Branching\branching2\Branching\Branching\branching\src\test\resources
