2021-09-17 11:51:05,882 [Worker-6: Loading available Gradle versions] INFO  o.e.b.c.i.u.g.PublishedGradleVersions - Gradle version information cache is not available. Remote download required.
2021-09-17 11:54:14,599 [Worker-2: Loading available Gradle versions] INFO  o.e.b.c.i.u.g.PublishedGradleVersions - Gradle version information cache is up-to-date. Trying to read.
2021-09-20 14:42:17,155 [Worker-3: Loading available Gradle versions] INFO  o.e.b.c.i.u.g.PublishedGradleVersions - Gradle version information cache is up-to-date. Trying to read.
2021-09-20 14:43:45,133 [Worker-0: Enabling Maven Dependency Management] INFO  o.e.m.c.i.l.LifecycleMappingFactory - Using org.eclipse.m2e.jdt.JarLifecycleMapping lifecycle mapping for MavenProject: trial:trial:0.0.1-SNAPSHOT @ C:\Users\IRANSING\Documents\workspace-spring-tool-suite-4-4.12.0.RELEASE\trial\pom.xml.
2021-09-20 14:43:46,508 [Worker-8: Building] WARN  o.e.m.c.i.embedder.EclipseLogger - Using platform encoding (Cp1252 actually) to copy filtered resources, i.e. build is platform dependent!
2021-09-20 14:43:46,512 [Worker-8: Building] INFO  o.e.m.c.i.embedder.EclipseLogger - skip non existing resourceDirectory C:\Users\IRANSING\Documents\workspace-spring-tool-suite-4-4.12.0.RELEASE\trial\src\main\resources
2021-09-20 14:43:46,516 [Worker-8: Building] WARN  o.e.m.c.i.embedder.EclipseLogger - Using platform encoding (Cp1252 actually) to copy filtered resources, i.e. build is platform dependent!
2021-09-20 14:43:46,519 [Worker-8: Building] INFO  o.e.m.c.i.embedder.EclipseLogger - skip non existing resourceDirectory C:\Users\IRANSING\Documents\workspace-spring-tool-suite-4-4.12.0.RELEASE\trial\src\test\resources
2021-09-20 14:43:46,570 [Worker-0: Enabling Maven Dependency Management] INFO  o.e.m.j.i.AbstractJavaProjectConfigurator - Adding source folder /trial/src
2021-09-20 14:43:46,572 [Worker-0: Enabling Maven Dependency Management] INFO  o.e.m.j.i.AbstractJavaProjectConfigurator - Not adding source folder /trial/src/test/java because it overlaps with /trial/src
2021-09-20 14:43:46,956 [Worker-0: Enabling Maven Dependency Management] INFO  o.e.m.c.i.p.ProjectConfigurationManager - Update started
2021-09-20 14:43:47,740 [Worker-0: Enabling Maven Dependency Management] INFO  o.e.m.c.i.l.LifecycleMappingFactory - Using org.eclipse.m2e.jdt.JarLifecycleMapping lifecycle mapping for MavenProject: trial:trial:0.0.1-SNAPSHOT @ C:\Users\IRANSING\Documents\workspace-spring-tool-suite-4-4.12.0.RELEASE\trial\pom.xml.
2021-09-20 14:43:48,279 [Worker-5: Building] WARN  o.e.m.c.i.embedder.EclipseLogger - Using platform encoding (Cp1252 actually) to copy filtered resources, i.e. build is platform dependent!
2021-09-20 14:43:48,281 [Worker-5: Building] INFO  o.e.m.c.i.embedder.EclipseLogger - skip non existing resourceDirectory C:\Users\IRANSING\Documents\workspace-spring-tool-suite-4-4.12.0.RELEASE\trial\src\main\resources
2021-09-20 14:43:48,285 [Worker-5: Building] WARN  o.e.m.c.i.embedder.EclipseLogger - Using platform encoding (Cp1252 actually) to copy filtered resources, i.e. build is platform dependent!
2021-09-20 14:43:48,288 [Worker-5: Building] INFO  o.e.m.c.i.embedder.EclipseLogger - skip non existing resourceDirectory C:\Users\IRANSING\Documents\workspace-spring-tool-suite-4-4.12.0.RELEASE\trial\src\test\resources
2021-09-20 14:43:48,794 [Worker-0: Enabling Maven Dependency Management] INFO  o.e.m.j.i.AbstractJavaProjectConfigurator - Adding source folder /trial/src
2021-09-20 14:43:48,796 [Worker-0: Enabling Maven Dependency Management] INFO  o.e.m.j.i.AbstractJavaProjectConfigurator - Not adding source folder /trial/src/test/java because it overlaps with /trial/src
2021-09-20 14:43:48,923 [Worker-0: Enabling Maven Dependency Management] INFO  o.e.m.c.i.p.ProjectConfigurationManager - Update completed: 1 sec
2021-09-20 14:43:49,844 [Worker-4: Building] WARN  o.e.m.c.i.embedder.EclipseLogger - Using platform encoding (Cp1252 actually) to copy filtered resources, i.e. build is platform dependent!
2021-09-20 14:43:49,846 [Worker-4: Building] INFO  o.e.m.c.i.embedder.EclipseLogger - skip non existing resourceDirectory C:\Users\IRANSING\Documents\workspace-spring-tool-suite-4-4.12.0.RELEASE\trial\src\main\resources
2021-09-20 14:43:49,848 [Worker-4: Building] WARN  o.e.m.c.i.embedder.EclipseLogger - Using platform encoding (Cp1252 actually) to copy filtered resources, i.e. build is platform dependent!
2021-09-20 14:43:49,850 [Worker-4: Building] INFO  o.e.m.c.i.embedder.EclipseLogger - skip non existing resourceDirectory C:\Users\IRANSING\Documents\workspace-spring-tool-suite-4-4.12.0.RELEASE\trial\src\test\resources
2021-09-20 14:43:56,411 [Worker-7: Building] WARN  o.e.m.c.i.embedder.EclipseLogger - Using platform encoding (Cp1252 actually) to copy filtered resources, i.e. build is platform dependent!
2021-09-20 14:43:56,415 [Worker-7: Building] INFO  o.e.m.c.i.embedder.EclipseLogger - skip non existing resourceDirectory C:\Users\IRANSING\Documents\workspace-spring-tool-suite-4-4.12.0.RELEASE\trial\src\main\resources
2021-09-20 14:43:56,417 [Worker-7: Building] WARN  o.e.m.c.i.embedder.EclipseLogger - Using platform encoding (Cp1252 actually) to copy filtered resources, i.e. build is platform dependent!
2021-09-20 14:43:56,420 [Worker-7: Building] INFO  o.e.m.c.i.embedder.EclipseLogger - skip non existing resourceDirectory C:\Users\IRANSING\Documents\workspace-spring-tool-suite-4-4.12.0.RELEASE\trial\src\test\resources
2021-09-20 14:44:12,546 [Worker-6: Building] WARN  o.e.m.c.i.embedder.EclipseLogger - Using platform encoding (Cp1252 actually) to copy filtered resources, i.e. build is platform dependent!
2021-09-20 14:44:12,551 [Worker-6: Building] INFO  o.e.m.c.i.embedder.EclipseLogger - skip non existing resourceDirectory C:\Users\IRANSING\Documents\workspace-spring-tool-suite-4-4.12.0.RELEASE\trial\src\main\resources
2021-09-20 14:44:12,556 [Worker-6: Building] WARN  o.e.m.c.i.embedder.EclipseLogger - Using platform encoding (Cp1252 actually) to copy filtered resources, i.e. build is platform dependent!
2021-09-20 14:44:12,560 [Worker-6: Building] INFO  o.e.m.c.i.embedder.EclipseLogger - skip non existing resourceDirectory C:\Users\IRANSING\Documents\workspace-spring-tool-suite-4-4.12.0.RELEASE\trial\src\test\resources
2021-09-20 14:44:20,769 [Worker-8: Building] WARN  o.e.m.c.i.embedder.EclipseLogger - Using platform encoding (Cp1252 actually) to copy filtered resources, i.e. build is platform dependent!
2021-09-20 14:44:20,771 [Worker-8: Building] INFO  o.e.m.c.i.embedder.EclipseLogger - skip non existing resourceDirectory C:\Users\IRANSING\Documents\workspace-spring-tool-suite-4-4.12.0.RELEASE\trial\src\main\resources
2021-09-20 14:44:20,773 [Worker-8: Building] WARN  o.e.m.c.i.embedder.EclipseLogger - Using platform encoding (Cp1252 actually) to copy filtered resources, i.e. build is platform dependent!
2021-09-20 14:44:20,775 [Worker-8: Building] INFO  o.e.m.c.i.embedder.EclipseLogger - skip non existing resourceDirectory C:\Users\IRANSING\Documents\workspace-spring-tool-suite-4-4.12.0.RELEASE\trial\src\test\resources
2021-09-20 14:44:36,170 [Worker-7: Building] WARN  o.e.m.c.i.embedder.EclipseLogger - Using platform encoding (Cp1252 actually) to copy filtered resources, i.e. build is platform dependent!
2021-09-20 14:44:36,175 [Worker-7: Building] INFO  o.e.m.c.i.embedder.EclipseLogger - skip non existing resourceDirectory C:\Users\IRANSING\Documents\workspace-spring-tool-suite-4-4.12.0.RELEASE\trial\src\main\resources
2021-09-20 14:44:36,181 [Worker-7: Building] WARN  o.e.m.c.i.embedder.EclipseLogger - Using platform encoding (Cp1252 actually) to copy filtered resources, i.e. build is platform dependent!
2021-09-20 14:44:36,186 [Worker-7: Building] INFO  o.e.m.c.i.embedder.EclipseLogger - skip non existing resourceDirectory C:\Users\IRANSING\Documents\workspace-spring-tool-suite-4-4.12.0.RELEASE\trial\src\test\resources
2021-09-20 14:46:57,130 [Worker-1: Building] WARN  o.e.m.c.i.embedder.EclipseLogger - Using platform encoding (Cp1252 actually) to copy filtered resources, i.e. build is platform dependent!
2021-09-20 14:46:57,133 [Worker-1: Building] INFO  o.e.m.c.i.embedder.EclipseLogger - skip non existing resourceDirectory C:\Users\IRANSING\Documents\workspace-spring-tool-suite-4-4.12.0.RELEASE\trial\src\main\resources
2021-09-20 14:46:57,136 [Worker-1: Building] WARN  o.e.m.c.i.embedder.EclipseLogger - Using platform encoding (Cp1252 actually) to copy filtered resources, i.e. build is platform dependent!
2021-09-20 14:46:57,139 [Worker-1: Building] INFO  o.e.m.c.i.embedder.EclipseLogger - skip non existing resourceDirectory C:\Users\IRANSING\Documents\workspace-spring-tool-suite-4-4.12.0.RELEASE\trial\src\test\resources
